d:\myproject\consoleapplication1\x64\debug\vc143.pdb
d:\myproject\consoleapplication1\x64\debug\vc143.idb
d:\myproject\consoleapplication1\x64\debug\consoleapplication1.obj
d:\myproject\easy network control\x64\debug\vc143.pdb
d:\myproject\easy network control\x64\debug\vc143.idb
d:\myproject\easy network control\x64\debug\easynetwork.obj
d:\myproject\consoleapplication1\x64\debug\consoleapplication1.exe
d:\myproject\consoleapplication1\x64\debug\consoleapplication1.ilk
d:\myproject\consoleapplication1\x64\debug\consoleapplication1.pdb
d:\myproject\easy network control\x64\debug\consoleapplication1.exe
d:\myproject\easy network control\x64\debug\consoleapplication1.ilk
d:\myproject\easy network control\x64\debug\consoleapplication1.pdb
d:\myproject\easy network control\x64\debug\consoleapplication1.obj
d:\myproject\easy network control\x64\debug\easynetwork.obj.enc
d:\myproject\easy network control\x64\debug\consolea.30fa4204.tlog\cl.command.1.tlog
d:\myproject\easy network control\x64\debug\consolea.30fa4204.tlog\cl.read.1.tlog
d:\myproject\easy network control\x64\debug\consolea.30fa4204.tlog\cl.write.1.tlog
d:\myproject\easy network control\x64\debug\consolea.30fa4204.tlog\link.command.1.tlog
d:\myproject\easy network control\x64\debug\consolea.30fa4204.tlog\link.read.1.tlog
d:\myproject\easy network control\x64\debug\consolea.30fa4204.tlog\link.write.1.tlog
